\BOOKMARK [1][]{section.1}{\376\377\116\000\060\001\000\040\225\356\230\230\221\315\217\360}{}% 1
\BOOKMARK [2][]{subsection.1.1}{\376\377\0001\000.\0001\000\040\225\356\230\230\200\314\146\157}{section.1}% 2
\BOOKMARK [2][]{subsection.1.2}{\376\377\0001\000.\0002\000\040\137\205\211\343\121\263\166\204\225\356\230\230}{section.1}% 3
\BOOKMARK [1][]{section.2}{\376\377\116\214\060\001\000\040\152\041\127\213\120\107\213\276}{}% 4
\BOOKMARK [1][]{section.3}{\376\377\116\011\060\001\000\040\173\046\123\367\213\364\146\016}{}% 5
\BOOKMARK [1][]{section.4}{\376\377\126\333\060\001\000\040\225\356\230\230\116\000\152\041\127\213\166\204\136\372\172\313\116\016\154\102\211\343}{}% 6
\BOOKMARK [2][]{subsection.4.1}{\376\377\0004\000.\0001\000\040\225\356\230\230\122\006\147\220}{section.4}% 7
\BOOKMARK [2][]{subsection.4.2}{\376\377\0004\000.\0002\000\040\122\115\147\037\121\306\131\007}{section.4}% 8
\BOOKMARK [3][]{subsubsection.4.2.1}{\376\377\0004\000.\0002\000.\0001\000\040\166\370\121\163\151\202\137\365\211\343\221\312}{subsection.4.2}% 9
\BOOKMARK [3][]{subsubsection.4.2.2}{\376\377\0004\000.\0002\000.\0002\000\040\126\376\120\317\230\204\131\004\164\006}{subsection.4.2}% 10
\BOOKMARK [2][]{subsection.4.3}{\376\377\0004\000.\0003\000\040\126\376\120\317\145\313\217\154\150\041\153\143\162\171\137\201\160\271\177\026\170\001\152\041\127\213}{section.4}% 11
\BOOKMARK [3][]{subsubsection.4.3.1}{\376\377\0004\000.\0003\000.\0001\000\040\126\376\120\317\145\313\217\154\150\041\153\143}{subsection.4.3}% 12
\BOOKMARK [3][]{subsubsection.4.3.2}{\376\377\0004\000.\0003\000.\0002\000\040\116\055\137\303\160\271\166\204\143\320\123\326}{subsection.4.3}% 13
\BOOKMARK [3][]{subsubsection.4.3.3}{\376\377\0004\000.\0003\000.\0003\000\040\177\026\170\001\145\271\154\325}{subsection.4.3}% 14
\BOOKMARK [2][]{subsection.4.4}{\376\377\0004\000.\0004\000\040\152\041\127\213\154\102\211\343}{section.4}% 15
\BOOKMARK [3][]{subsubsection.4.4.1}{\376\377\0004\000.\0004\000.\0001\000\040\126\376\120\317\201\120\206\200\122\115\124\016\200\314\146\157\122\006\171\273}{subsection.4.4}% 16
\BOOKMARK [3][]{subsubsection.4.4.2}{\376\377\0004\000.\0004\000.\0002\000\040\126\376\120\317\116\214\120\074\123\026\116\016\162\171\137\201\160\271\143\320\123\326}{subsection.4.4}% 17
\BOOKMARK [2][]{subsection.4.5}{\376\377\0004\000.\0005\000\040\177\026\170\001\176\323\147\234\134\125\171\072}{section.4}% 18
\BOOKMARK [1][]{section.5}{\376\377\116\224\060\001\000\040\225\356\230\230\116\214\152\041\127\213\166\204\136\372\172\313\116\016\154\102\211\343}{}% 19
\BOOKMARK [2][]{subsection.5.1}{\376\377\0005\000.\0001\000\040\225\356\230\230\122\006\147\220}{section.5}% 20
\BOOKMARK [2][]{subsection.5.2}{\376\377\0005\000.\0002\000\040\162\171\137\201\177\026\170\001\160\271}{section.5}% 21
\BOOKMARK [2][]{subsection.5.3}{\376\377\0005\000.\0003\000\040\123\010\162\131\122\051\173\227\154\325\154\102\211\343\116\214\220\350\126\376\147\000\131\047\123\071\221\115}{section.5}% 22
\BOOKMARK [2][]{subsection.5.4}{\376\377\0005\000.\0004\000\040\152\041\127\213\154\102\211\343}{section.5}% 23
\BOOKMARK [3][]{subsubsection.5.4.1}{\376\377\0005\000.\0004\000.\0001\000\040\160\165\145\117\136\246\122\006\147\220}{subsection.5.4}% 24
\BOOKMARK [1][]{section.6}{\376\377\121\155\060\001\000\040\225\356\230\230\116\011\152\041\127\213\166\204\136\372\172\313\116\016\154\102\211\343}{}% 25
\BOOKMARK [2][]{subsection.6.1}{\376\377\0006\000.\0001\000\040\225\356\230\230\122\006\147\220}{section.6}% 26
\BOOKMARK [2][]{subsection.6.2}{\376\377\0006\000.\0002\000\040\131\107\137\002\160\271\162\171\137\201\116\016\143\007\176\271\145\271\124\021\127\072\150\257\136\246\122\006\174\173\152\041\127\213}{section.6}% 27
\BOOKMARK [3][]{subsubsection.6.2.1}{\376\377\0006\000.\0002\000.\0001\000\040\145\271\124\021\127\072\150\257\136\246\210\150\171\072}{subsection.6.2}% 28
\BOOKMARK [3][]{subsubsection.6.2.2}{\376\377\0006\000.\0002\000.\0002\000\040\143\007\176\271\131\107\137\002\160\271\162\171\137\201\143\320\123\326}{subsection.6.2}% 29
\BOOKMARK [2][]{subsection.6.3}{\376\377\0006\000.\0003\000\040\152\041\127\213\154\102\211\343}{section.6}% 30
\BOOKMARK [3][]{subsubsection.6.3.1}{\376\377\0006\000.\0003\000.\0001\000\040\000s\000o\000b\000e\000l\173\227\133\120\116\016\232\330\145\257\156\344\154\342\150\257\136\246\143\320\123\326}{subsection.6.3}% 31
\BOOKMARK [3][]{subsubsection.6.3.2}{\376\377\0006\000.\0003\000.\0002\000\040\122\006\154\064\134\255\173\227\154\325\116\016\000p\000o\000i\000n\000c\000a\000r\000e\175\042\137\025\143\320\123\326\217\271\165\114\203\267\123\326\131\107\137\002\160\271}{subsection.6.3}% 32
\BOOKMARK [2][]{subsection.6.4}{\376\377\0006\000.\0004\000\040\176\323\147\234\122\006\147\220}{section.6}% 33
\BOOKMARK [3][]{subsubsection.6.4.1}{\376\377\0006\000.\0004\000.\0001\000\040\176\323\147\234\134\125\171\072}{subsection.6.4}% 34
\BOOKMARK [3][]{subsubsection.6.4.2}{\376\377\0006\000.\0004\000.\0002\000\040\172\063\133\232\140\047\122\006\147\220}{subsection.6.4}% 35
\BOOKMARK [1][]{section.7}{\376\377\116\003\060\001\000\040\152\041\127\213\213\304\116\367}{}% 36
\BOOKMARK [2][]{subsection.7.1}{\376\377\0007\000.\0001\000\040\152\041\127\213\166\204\117\030\160\271}{section.7}% 37
\BOOKMARK [2][]{subsection.7.2}{\376\377\0007\000.\0002\000\040\152\041\127\213\166\204\177\072\160\271}{section.7}% 38
\BOOKMARK [2][]{subsection.7.3}{\376\377\0007\000.\0003\000\040\145\071\217\333\116\016\134\125\147\033}{section.7}% 39
\BOOKMARK [1][]{section*.29}{\376\377\123\302\200\003\145\207\163\056}{}% 40
\BOOKMARK [1][]{附录.a.A}{\376\377\226\104\137\125\000\040\000A\000\040\0001\0006\116\052\143\007\176\271\166\204\177\026\170\001}{}% 41
\BOOKMARK [1][]{附录.a.B}{\376\377\226\104\137\125\000\040\000B\000\040\000p\000y\000t\000h\000o\000n\172\013\136\217}{}% 42
\BOOKMARK [2][]{subsection.a.B.1}{\376\377\0002\000.\0001\000\040\000m\000a\000i\000n\000.\000p\000y}{附录.a.B}% 43
\BOOKMARK [2][]{subsection.a.B.2}{\376\377\0002\000.\0002\000\040\000C\000o\000m\000m\000o\000n\000F\000u\000n\000c\000t\000i\000o\000n\000s\000.\000p\000y}{附录.a.B}% 44
\BOOKMARK [2][]{subsection.a.B.3}{\376\377\0002\000.\0003\000\040\000e\000x\000t\000r\000a\000c\000t\000M\000i\000n\000u\000t\000i\000a\000e\000F\000e\000a\000t\000u\000r\000e\000s\000.\000p\000y}{附录.a.B}% 45
\BOOKMARK [2][]{subsection.a.B.4}{\376\377\0002\000.\0004\000\040\000g\000e\000t\000G\000r\000a\000d\000i\000e\000n\000t\000.\000p\000y}{附录.a.B}% 46
\BOOKMARK [2][]{subsection.a.B.5}{\376\377\0002\000.\0005\000\040\000g\000e\000t\000T\000e\000r\000m\000i\000n\000a\000t\000i\000o\000n\000B\000i\000f\000u\000r\000c\000a\000t\000i\000o\000n\000.\000p\000y}{附录.a.B}% 47
\BOOKMARK [2][]{subsection.a.B.6}{\376\377\0002\000.\0006\000\040\000h\000u\000n\000g\000a\000r\000i\000a\000n\000.\000p\000y}{附录.a.B}% 48
\BOOKMARK [2][]{subsection.a.B.7}{\376\377\0002\000.\0007\000\040\000m\000a\000t\000c\000h\000M\000i\000n\000u\000t\000i\000a\000e\000.\000p\000y}{附录.a.B}% 49
\BOOKMARK [2][]{subsection.a.B.8}{\376\377\0002\000.\0008\000\040\000p\000r\000e\000p\000r\000o\000c\000e\000s\000s\000.\000p\000y}{附录.a.B}% 50
\BOOKMARK [2][]{subsection.a.B.9}{\376\377\0002\000.\0009\000\040\000r\000e\000m\000o\000v\000e\000S\000p\000u\000r\000i\000o\000u\000s\000M\000i\000n\000u\000t\000i\000a\000e\000.\000p\000y}{附录.a.B}% 51
