\BOOKMARK [1][-]{section.1}{\376\377\225\356\230\230\221\315\217\360}{}% 1
\BOOKMARK [2][-]{subsection.1.1}{\376\377\225\356\230\230\200\314\146\157}{section.1}% 2
\BOOKMARK [2][-]{subsection.1.2}{\376\377\137\205\211\343\121\263\166\204\225\356\230\230}{section.1}% 3
\BOOKMARK [1][-]{section.2}{\376\377\152\041\127\213\120\107\213\276}{}% 4
\BOOKMARK [1][-]{section.3}{\376\377\173\046\123\367\213\364\146\016}{}% 5
\BOOKMARK [1][-]{section.4}{\376\377\225\356\230\230\116\000\152\041\127\213\166\204\136\372\172\313\116\016\154\102\211\343}{}% 6
\BOOKMARK [2][-]{subsection.4.1}{\376\377\145\160\143\156\230\204\131\004\164\006}{section.4}% 7
\BOOKMARK [3][-]{subsubsection.4.1.1}{\376\377\177\072\131\061\120\074\131\004\164\006}{subsection.4.1}% 8
\BOOKMARK [3][-]{subsubsection.4.1.2}{\376\377\145\160\143\156\137\122\116\000\123\026\131\004\164\006}{subsection.4.1}% 9
\BOOKMARK [3][-]{subsubsection.4.1.3}{\376\377\145\160\143\156\122\006\136\003}{subsection.4.1}% 10
\BOOKMARK [2][-]{subsection.4.2}{\376\377\225\356\230\230\122\006\147\220}{section.4}% 11
\BOOKMARK [2][-]{subsection.4.3}{\376\377\000x\000g\000b\000o\000o\000s\000t\226\306\142\020\121\263\173\126\150\021\176\242\221\122\122\006\174\173\152\041\127\213}{section.4}% 12
\BOOKMARK [3][-]{subsubsection.4.3.1}{\376\377\150\257\136\246\143\320\123\107\154\325\131\032\121\263\173\126\150\021\174\373\176\337\147\204\136\372}{subsection.4.3}% 13
\BOOKMARK [3][-]{subsubsection.4.3.2}{\376\377\116\244\123\311\161\265\143\137\131\061\121\375\145\160}{subsection.4.3}% 14
\BOOKMARK [3][-]{subsubsection.4.3.3}{\376\377\152\041\127\213\131\015\147\102\136\246\140\351\177\132\230\171}{subsection.4.3}% 15
\BOOKMARK [3][-]{subsubsection.4.3.4}{\376\377\117\030\123\026\166\356\150\007\121\375\145\160}{subsection.4.3}% 16
\BOOKMARK [2][-]{subsection.4.4}{\376\377\152\041\127\213\154\102\211\343}{section.4}% 17
\BOOKMARK [3][-]{subsubsection.4.4.1}{\376\377\147\000\117\163\122\006\122\162\160\271\144\034\175\042\173\227\154\325}{subsection.4.4}% 18
\BOOKMARK [2][-]{subsection.4.5}{\376\377\176\323\147\234\122\006\147\220}{section.4}% 19
\BOOKMARK [3][-]{subsubsection.4.5.1}{\376\377\000x\000g\000b\000o\000o\000s\000t\122\006\174\173\176\323\147\204}{subsection.4.5}% 20
\BOOKMARK [3][-]{subsubsection.4.5.2}{\376\377\122\006\174\173\140\047\200\375}{subsection.4.5}% 21
\BOOKMARK [1][-]{section.5}{\376\377\225\356\230\230\116\214\152\041\127\213\166\204\136\372\172\313\116\016\154\102\211\343}{}% 22
\BOOKMARK [2][-]{subsection.5.1}{\376\377\225\356\230\230\122\006\147\220}{section.5}% 23
\BOOKMARK [2][-]{subsection.5.2}{\376\377\176\242\221\122\124\301\215\050\137\161\124\315\143\007\150\007\152\041\127\213\166\204\136\372\172\313}{section.5}% 24
\BOOKMARK [2][-]{subsection.5.3}{\376\377\152\041\127\213\154\102\211\343\116\016\122\006\147\220}{section.5}% 25
\BOOKMARK [3][-]{subsubsection.5.3.1}{\376\377\166\370\121\163\140\047\122\006\147\220}{subsection.5.3}% 26
\BOOKMARK [3][-]{subsubsection.5.3.2}{\376\377\143\007\150\007\220\011\142\351}{subsection.5.3}% 27
\BOOKMARK [3][-]{subsubsection.5.3.3}{\376\377\137\205\230\204\155\113\226\306\124\301\215\050\230\204\155\113}{subsection.5.3}% 28
\BOOKMARK [2][-]{subsection.5.4}{\376\377\160\165\145\117\136\246\122\006\147\220}{section.5}% 29
\BOOKMARK [1][-]{section.6}{\376\377\225\356\230\230\116\011\152\041\127\213\166\204\136\372\172\313\116\016\154\102\211\343}{}% 30
\BOOKMARK [2][-]{subsection.6.1}{\376\377\225\356\230\230\122\006\147\220}{section.6}% 31
\BOOKMARK [2][-]{subsection.6.2}{\376\377\116\012\221\307\150\067\142\200\147\057\116\016\215\035\123\366\145\257\117\030\123\026\126\150\145\071\217\333\166\204\000x\000g\000b\000o\000o\000s\000t\176\242\221\122\122\006\174\173\152\041\127\213}{section.6}% 32
\BOOKMARK [3][-]{subsubsection.6.2.1}{\376\377\124\010\142\020\134\021\145\160\174\173\217\307\221\307\150\067\142\200\147\057}{subsection.6.2}% 33
\BOOKMARK [3][-]{subsubsection.6.2.2}{\376\377\215\035\123\366\145\257\123\302\145\160\214\003\117\030}{subsection.6.2}% 34
\BOOKMARK [2][-]{subsection.6.3}{\376\377\176\323\147\234\122\006\147\220}{section.6}% 35
\BOOKMARK [2][-]{subsection.6.4}{\376\377\160\165\145\117\136\246\122\006\147\220}{section.6}% 36
\BOOKMARK [1][-]{section.7}{\376\377\152\041\127\213\213\304\116\367}{}% 37
\BOOKMARK [2][-]{subsection.7.1}{\376\377\152\041\127\213\166\204\117\030\160\271}{section.7}% 38
\BOOKMARK [2][-]{subsection.7.2}{\376\377\152\041\127\213\166\204\177\072\160\271}{section.7}% 39
\BOOKMARK [2][-]{subsection.7.3}{\376\377\145\071\217\333\116\016\134\125\147\033}{section.7}% 40
\BOOKMARK [1][-]{appendix.A}{\376\377\116\343\170\001}{}% 41
\BOOKMARK [2][-]{subsection.A.1}{\376\377\000p\000y\000t\000h\000o\000n\156\220\172\013\136\217}{appendix.A}% 42
