\BOOKMARK [1][]{section.1}{\376\377\116\000\060\001\000\040\116\313\176\315}{}% 1
\BOOKMARK [2][]{subsection.1.1}{\376\377\0001\000.\0001\000\040\200\314\146\157\116\313\176\315}{section.1}% 2
\BOOKMARK [2][]{subsection.1.2}{\376\377\0001\000.\0002\000\040\225\356\230\230\221\315\217\360}{section.1}% 3
\BOOKMARK [1][]{section.2}{\376\377\116\214\060\001\000\040\122\115\147\037\135\345\117\134\116\016\122\006\147\220}{}% 4
\BOOKMARK [1][]{section.3}{\376\377\116\011\060\001\000\040\127\372\147\054\120\107\213\276}{}% 5
\BOOKMARK [1][]{section.4}{\376\377\126\333\060\001\000\040\173\046\123\367\133\232\116\111\116\016\211\343\221\312}{}% 6
\BOOKMARK [1][]{section.5}{\376\377\116\224\060\001\000\040\152\041\127\213\166\204\136\372\172\313\116\016\154\102\211\343}{}% 7
\BOOKMARK [2][]{subsection.5.1}{\376\377\0005\000.\0001\000\040\225\356\230\230\0001}{section.5}% 8
\BOOKMARK [3][]{subsubsection.5.1.1}{\376\377\0005\000.\0001\000.\0001\000\040\206\201\177\244\173\227\154\325\152\041\127\213\166\204\144\055\136\372}{subsection.5.1}% 9
\BOOKMARK [3][]{subsubsection.5.1.2}{\376\377\0005\000.\0001\000.\0002\000\040\206\201\177\244\173\227\154\325\152\041\127\213\166\204\154\102\211\343}{subsection.5.1}% 10
\BOOKMARK [2][]{subsection.5.2}{\376\377\0005\000.\0002\000\040\225\356\230\230\0002}{section.5}% 11
\BOOKMARK [3][]{subsubsection.5.2.1}{\376\377\0005\000.\0002\000.\0001\000\040\151\202\217\360}{subsection.5.2}% 12
\BOOKMARK [3][]{subsubsection.5.2.2}{\376\377\0005\000.\0002\000.\0002\000\040\122\022\122\006\145\271\150\110}{subsection.5.2}% 13
\BOOKMARK [3][]{subsubsection.5.2.3}{\376\377\0005\000.\0002\000.\0003\000\040\152\041\127\213\166\204\154\102\211\343}{subsection.5.2}% 14
\BOOKMARK [2][]{subsection.5.3}{\376\377\0005\000.\0003\000\040\225\356\230\230\0003}{section.5}% 15
\BOOKMARK [3][]{subsubsection.5.3.1}{\376\377\0005\000.\0003\000.\0001\000\040\151\202\217\360}{subsection.5.3}% 16
\BOOKMARK [3][]{subsubsection.5.3.2}{\376\377\0005\000.\0003\000.\0002\000\040\122\022\122\006\145\271\150\110}{subsection.5.3}% 17
\BOOKMARK [3][]{subsubsection.5.3.3}{\376\377\0005\000.\0003\000.\0003\000\040\152\041\127\213\166\204\154\102\211\343}{subsection.5.3}% 18
\BOOKMARK [1][]{section.6}{\376\377\121\155\060\001\000\040\152\041\127\213\117\030\177\072\160\271}{}% 19
\BOOKMARK [2][]{subsection.6.1}{\376\377\0006\000.\0001\000\040\152\041\127\213\166\204\117\030\160\271}{section.6}% 20
\BOOKMARK [2][]{subsection.6.2}{\376\377\0006\000.\0002\000\040\152\041\127\213\166\204\116\015\215\263}{section.6}% 21
\BOOKMARK [1][]{section.7}{\376\377\116\003\060\001\000\040\140\073\176\323\116\016\145\071\217\333}{}% 22
\BOOKMARK [2][]{subsection.7.1}{\376\377\0007\000.\0001\000\040\136\372\152\041\217\307\172\013\140\073\176\323}{section.7}% 23
\BOOKMARK [2][]{subsection.7.2}{\376\377\0007\000.\0002\000\040\147\052\147\145\145\071\217\333\145\271\124\021}{section.7}% 24
\BOOKMARK [1][]{section.8}{\376\377\121\153\060\001\000\040\123\302\200\003\145\207\163\056}{}% 25
\BOOKMARK [1][]{附录.a.A}{\376\377\226\104\137\125\000\040\000A\000\040\000P\000Y\000T\000H\000O\000N\000\040\156\220\172\013\136\217}{}% 26
\BOOKMARK [2][]{subsection.a.A.1}{\376\377\0001\000.\0001\000\040\206\201\177\244\173\227\154\325\116\073\117\123}{附录.a.A}% 27
\BOOKMARK [2][]{subsection.a.A.2}{\376\377\0001\000.\0002\000\040\215\357\137\204\377\014\124\214\206\202\206\201\174\173}{附录.a.A}% 28
