\BOOKMARK [1][]{section.1}{\376\377\116\000\060\001\000\040\225\356\230\230\221\315\217\360}{}% 1
\BOOKMARK [2][]{subsection.1.1}{\376\377\0001\000.\0001\000\040\225\356\230\230\200\314\146\157}{section.1}% 2
\BOOKMARK [2][]{subsection.1.2}{\376\377\0001\000.\0002\000\040\225\356\230\230\143\320\121\372}{section.1}% 3
\BOOKMARK [1][]{section.2}{\376\377\116\214\060\001\000\040\225\356\230\230\122\006\147\220}{}% 4
\BOOKMARK [2][]{subsection.2.1}{\376\377\0002\000.\0001\000\040\225\356\230\230\116\000\166\204\122\006\147\220}{section.2}% 5
\BOOKMARK [2][]{subsection.2.2}{\376\377\0002\000.\0002\000\040\225\356\230\230\116\214\166\204\122\006\147\220}{section.2}% 6
\BOOKMARK [2][]{subsection.2.3}{\376\377\0002\000.\0003\000\040\225\356\230\230\116\011\166\204\122\006\147\220}{section.2}% 7
\BOOKMARK [1][]{section.3}{\376\377\116\011\060\001\000\040\173\046\123\367\213\364\146\016}{}% 8
\BOOKMARK [1][]{section.4}{\376\377\126\333\060\001\000\040\152\041\127\213\120\107\213\276}{}% 9
\BOOKMARK [1][]{section.5}{\376\377\116\224\060\001\000\040\225\356\230\230\0001\166\204\152\041\127\213\136\372\172\313\116\016\154\102\211\343}{}% 10
\BOOKMARK [2][]{subsection.5.1}{\376\377\0005\000.\0001\000\040\225\356\230\230\0001\166\204\143\317\217\360\116\016\122\006\147\220}{section.5}% 11
\BOOKMARK [2][]{subsection.5.2}{\376\377\0005\000.\0002\000\040\225\356\230\230\0001\152\041\127\213\166\204\136\372\172\313}{section.5}% 12
\BOOKMARK [3][]{subsubsection.5.2.1}{\376\377\0005\000.\0002\000.\0001\000\040\000P\000r\000i\000m\173\227\154\325}{subsection.5.2}% 13
\BOOKMARK [3][]{subsubsection.5.2.2}{\376\377\0005\000.\0002\000.\0002\000\040\122\006\176\247\000P\000r\000i\000m\173\227\154\325}{subsection.5.2}% 14
\BOOKMARK [2][]{subsection.5.3}{\376\377\0005\000.\0003\000\040\225\356\230\230\0001\152\041\127\213\166\204\154\102\211\343}{section.5}% 15
\BOOKMARK [1][]{section.6}{\376\377\121\155\060\001\000\040\225\356\230\230\0002\166\204\152\041\127\213\136\372\172\313\116\016\154\102\211\343}{}% 16
\BOOKMARK [2][]{subsection.6.1}{\376\377\0006\000.\0001\000\040\225\356\230\230\0002\166\204\143\317\217\360\116\016\122\006\147\220}{section.6}% 17
\BOOKMARK [2][]{subsection.6.2}{\376\377\0006\000.\0002\000\040\225\356\230\230\0002\152\041\127\213\166\204\136\372\172\313}{section.6}% 18
\BOOKMARK [2][]{subsection.6.3}{\376\377\0006\000.\0003\000\040\225\356\230\230\0002\152\041\127\213\166\204\154\102\211\343}{section.6}% 19
\BOOKMARK [1][]{section.7}{\376\377\116\003\060\001\000\040\225\356\230\230\116\011\166\204\152\041\127\213\136\372\172\313\116\016\154\102\211\343}{}% 20
\BOOKMARK [2][]{subsection.7.1}{\376\377\0007\000.\0001\000\040\225\356\230\230\116\011\166\204\143\317\217\360\116\016\122\006\147\220}{section.7}% 21
\BOOKMARK [2][]{subsection.7.2}{\376\377\0007\000.\0002\000\040\173\241\220\123\122\006\145\057\132\301\143\245\152\041\127\213\166\204\136\372\172\313}{section.7}% 22
\BOOKMARK [3][]{subsubsection.7.2.1}{\376\377\0007\000.\0002\000.\0001\000\040\147\000\117\030\133\120\176\323\147\204\133\232\164\006}{subsection.7.2}% 23
\BOOKMARK [2][]{subsection.7.3}{\376\377\0007\000.\0003\000\040\225\356\230\230\116\011\152\041\127\213\166\204\154\102\211\343}{section.7}% 24
\BOOKMARK [1][]{section.8}{\376\377\121\153\060\001\000\040\152\041\127\213\140\073\176\323\116\016\213\304\117\060}{}% 25
\BOOKMARK [2][]{subsection.8.1}{\376\377\0008\000.\0001\000\040\117\030\160\271}{section.8}% 26
\BOOKMARK [2][]{subsection.8.2}{\376\377\0008\000.\0002\000\040\177\072\160\271}{section.8}% 27
\BOOKMARK [1][]{section.9}{\376\377\116\135\060\001\000\040\123\302\200\003\145\207\163\056}{}% 28
\BOOKMARK [1][]{附录.a.A}{\376\377\226\104\137\125\000\040\000A\000\040\000P\000y\000t\000h\000o\000n\156\220\116\343\170\001}{}% 29
\BOOKMARK [1][]{附录.a.B}{\376\377\226\104\137\125\000\040\000B\000\040\116\343\170\001\217\223\121\372}{}% 30
